<?xml version="1.0" encoding="UTF-8" ?>
<testsuite failures="2" time="4.336" errors="0" skipped="0" tests="6" name="at.bachmann.legacyimport.localdata.ConverterTest">
  <properties>
[...]
</properties>
  <testcase time="0.92" classname="at.bachmann.legacyimport.localdata.ConverterTest" name="testConvertDmanFileWithOfflineDevice"/>
  <testcase time="1.076" classname="at.bachmann.legacyimport.localdata.ConverterTest" name="testConvertDmanFileWithFeldbus">
    <failure message="Converted components: expected:&lt;75&gt; but was:&lt;71&gt;" type="junit.framework.AssertionFailedError">junit.framework.AssertionFailedError: Converted components: expected:&lt;75&gt; but was:&lt;71&gt;
	at junit.framework.Assert.fail(Assert.java:50)
	at junit.framework.Assert.failNotEquals(Assert.java:287)
	at junit.framework.Assert.assertEquals(Assert.java:67)
	at junit.framework.Assert.assertEquals(Assert.java:199)
	at at.bachmann.legacyimport.localdata.ConverterTest.convertAll(ConverterTest.java:137)
	at at.bachmann.legacyimport.localdata.ConverterTest.testConvertDmanFileWithFeldbus(ConverterTest.java:102)
	at sun.reflect.NativeMethodAccessorImpl.invoke0(Native Method)
	at sun.reflect.NativeMethodAccessorImpl.invoke(Unknown Source)
	at sun.reflect.DelegatingMethodAccessorImpl.invoke(Unknown Source)
	at java.lang.reflect.Method.invoke(Unknown Source)
	at org.junit.runners.model.FrameworkMethod$1.runReflectiveCall(FrameworkMethod.java:45)
	at org.junit.internal.runners.model.ReflectiveCallable.run(ReflectiveCallable.java:15)
	at org.junit.runners.model.FrameworkMethod.invokeExplosively(FrameworkMethod.java:42)
	at org.junit.internal.runners.statements.InvokeMethod.evaluate(InvokeMethod.java:20)
	at org.junit.internal.runners.statements.RunBefores.evaluate(RunBefores.java:28)
	at org.junit.internal.runners.statements.RunAfters.evaluate(RunAfters.java:30)
	at org.junit.runners.ParentRunner.runLeaf(ParentRunner.java:263)
	at org.junit.runners.BlockJUnit4ClassRunner.runChild(BlockJUnit4ClassRunner.java:68)
	at at.bachmann.test.common.runner.AnnotatedBuildTypeRunner.runChild(AnnotatedBuildTypeRunner.java:30)
	at org.junit.runners.BlockJUnit4ClassRunner.runChild(BlockJUnit4ClassRunner.java:47)
	at org.junit.runners.ParentRunner$3.run(ParentRunner.java:231)
	at org.junit.runners.ParentRunner$1.schedule(ParentRunner.java:60)
	at org.junit.runners.ParentRunner.runChildren(ParentRunner.java:229)
	at org.junit.runners.ParentRunner.access$000(ParentRunner.java:50)
	at org.junit.runners.ParentRunner$2.evaluate(ParentRunner.java:222)
	at org.junit.runners.ParentRunner.run(ParentRunner.java:300)
	at org.apache.maven.surefire.junit4.JUnit4TestSet.execute(JUnit4TestSet.java:53)
	at org.apache.maven.surefire.junit4.JUnit4Provider.executeTestSet(JUnit4Provider.java:123)
	at org.apache.maven.surefire.junit4.JUnit4Provider.invoke(JUnit4Provider.java:104)
	at sun.reflect.NativeMethodAccessorImpl.invoke0(Native Method)
	at sun.reflect.NativeMethodAccessorImpl.invoke(Unknown Source)
	at sun.reflect.DelegatingMethodAccessorImpl.invoke(Unknown Source)
	at java.lang.reflect.Method.invoke(Unknown Source)
	at org.apache.maven.surefire.util.ReflectionUtils.invokeMethodWithArray(ReflectionUtils.java:164)
	at org.apache.maven.surefire.booter.ProviderFactory$ProviderProxy.invoke(ProviderFactory.java:110)
	at org.apache.maven.surefire.booter.SurefireStarter.invokeProvider(SurefireStarter.java:175)
	at org.apache.maven.surefire.booter.SurefireStarter.runSuitesInProcess(SurefireStarter.java:123)
	at org.eclipse.tycho.surefire.osgibooter.OsgiSurefireBooter.run(OsgiSurefireBooter.java:85)
	at org.eclipse.tycho.surefire.osgibooter.HeadlessTestApplication.run(HeadlessTestApplication.java:21)
	at sun.reflect.NativeMethodAccessorImpl.invoke0(Native Method)
	at sun.reflect.NativeMethodAccessorImpl.invoke(Unknown Source)
	at sun.reflect.DelegatingMethodAccessorImpl.invoke(Unknown Source)
	at java.lang.reflect.Method.invoke(Unknown Source)
	at org.eclipse.equinox.internal.app.EclipseAppContainer.callMethodWithException(EclipseAppContainer.java:587)
	at org.eclipse.equinox.internal.app.EclipseAppHandle.run(EclipseAppHandle.java:198)
	at org.eclipse.core.runtime.internal.adaptor.EclipseAppLauncher.runApplication(EclipseAppLauncher.java:110)
	at org.eclipse.core.runtime.internal.adaptor.EclipseAppLauncher.start(EclipseAppLauncher.java:79)
	at org.eclipse.core.runtime.adaptor.EclipseStarter.run(EclipseStarter.java:353)
	at org.eclipse.core.runtime.adaptor.EclipseStarter.run(EclipseStarter.java:180)
	at sun.reflect.NativeMethodAccessorImpl.invoke0(Native Method)
	at sun.reflect.NativeMethodAccessorImpl.invoke(Unknown Source)
	at sun.reflect.DelegatingMethodAccessorImpl.invoke(Unknown Source)
	at java.lang.reflect.Method.invoke(Unknown Source)
	at org.eclipse.equinox.launcher.Main.invokeFramework(Main.java:629)
	at org.eclipse.equinox.launcher.Main.basicRun(Main.java:584)
	at org.eclipse.equinox.launcher.Main.run(Main.java:1438)
	at org.eclipse.equinox.launcher.Main.main(Main.java:1414)
</failure>
    <system-out>
!ENTRY at.bachmann.core.navigator 1 0 2013-03-11 09:01:53.296
!MESSAGE *** at.bachmann.core.navigator loaded. Version: 0.9.0.201303071615 ***

!ENTRY at.bachmann.core.module 1 0 2013-03-11 09:01:53.483
!MESSAGE *** at.bachmann.core.module loaded. Version: 2.0.0.201303080954 ***
&gt;&gt;&gt;&gt;&gt;&gt;&gt;&gt;&gt;&gt;&gt;&gt; Start Counting Files &lt;&lt;&lt;&lt;&lt;&lt;&lt;&lt;&lt;&lt;&lt;&lt;&lt;&lt;&lt;&lt;&lt;&lt;&lt;&lt;&lt;&lt;
----/mySolution13629889133119574/templates/ot1xx/ot1xx.m/ot1xx.m
----/mySolution13629889133119574/templates/ot1xx/mconfig.ini/mconfig.ini
----/mySolution13629889133119574/templates/ot1xx/.service/.service
----/mySolution13629889133119574/templates/f/.ethercat/.ethercat
----/mySolution13629889133119574/templates/d/.pnetDev/.pnetDev
----/mySolution13629889133119574/templates/c/.pnet/.pnet
----/mySolution13629889133119574/templates/browser/mconfig.ini/mconfig.ini
----/mySolution13629889133119574/templates/browser/browser.m/browser.m
----/mySolution13629889133119574/templates/browser/.swmodule/.swmodule
----/mySolution13629889133119574/templates/babababa/.ethercat/.ethercat
----/mySolution13629889133119574/templates/ba/.pnet/.pnet
----/mySolution13629889133119574/templates/abab/flash0/mconfig.ini/mconfig.ini
----/mySolution13629889133119574/templates/abab/flash0/DRV/ttl264.m/ttl264.m
----/mySolution13629889133119574/templates/abab/flash0/DRV/ti214.m/ti214.m
----/mySolution13629889133119574/templates/abab/flash0/DRV/sem201.m/sem201.m
----/mySolution13629889133119574/templates/abab/flash0/DRV/safety.m/safety.m
----/mySolution13629889133119574/templates/abab/flash0/DRV/rs204.m/rs204.m
----/mySolution13629889133119574/templates/abab/flash0/DRV/pwm202.m/pwm202.m
----/mySolution13629889133119574/templates/abab/flash0/DRV/ptai216.m/ptai216.m
----/mySolution13629889133119574/templates/abab/flash0/DRV/pn23.m/pn23.m
----/mySolution13629889133119574/templates/abab/flash0/DRV/pn201.m/pn201.m
----/mySolution13629889133119574/templates/abab/flash0/DRV/pcfs212.m/pcfs212.m
----/mySolution13629889133119574/templates/abab/flash0/DRV/mbm201.m/mbm201.m
----/mySolution13629889133119574/templates/abab/flash0/DRV/isi2xx.m/isi2xx.m
----/mySolution13629889133119574/templates/abab/flash0/DRV/iop201.m/iop201.m
----/mySolution13629889133119574/templates/abab/flash0/DRV/fs21x.m/fs21x.m
----/mySolution13629889133119574/templates/abab/flash0/DRV/fm21x.m/fm21x.m
----/mySolution13629889133119574/templates/abab/flash0/DRV/em203.m/em203.m
----/mySolution13629889133119574/templates/abab/flash0/DRV/ecat201.m/ecat201.m
----/mySolution13629889133119574/templates/abab/flash0/DRV/dpm200.m/dpm200.m
----/mySolution13629889133119574/templates/abab/flash0/DRV/dor2xx.m/dor2xx.m
----/mySolution13629889133119574/templates/abab/flash0/DRV/do232.m/do232.m
----/mySolution13629889133119574/templates/abab/flash0/DRV/do216.m/do216.m
----/mySolution13629889133119574/templates/abab/flash0/DRV/dnm201.m/dnm201.m
----/mySolution13629889133119574/templates/abab/flash0/DRV/dmw200.m/dmw200.m
----/mySolution13629889133119574/templates/abab/flash0/DRV/dms202.m/dms202.m
----/mySolution13629889133119574/templates/abab/flash0/DRV/dio2xx.m/dio2xx.m
----/mySolution13629889133119574/templates/abab/flash0/DRV/di232.m/di232.m
----/mySolution13629889133119574/templates/abab/flash0/DRV/di216.m/di216.m
----/mySolution13629889133119574/templates/abab/flash0/DRV/di212.m/di212.m
----/mySolution13629889133119574/templates/abab/flash0/DRV/ct200c.m/ct200c.m
----/mySolution13629889133119574/templates/abab/flash0/DRV/cs200.m/cs200.m
----/mySolution13629889133119574/templates/abab/flash0/DRV/cnt204.m/cnt204.m
----/mySolution13629889133119574/templates/abab/flash0/DRV/cm202.m/cm202.m
----/mySolution13629889133119574/templates/abab/flash0/DRV/can_mio.m/can_mio.m
----/mySolution13629889133119574/templates/abab/flash0/DRV/bes2x2.m/bes2x2.m
----/mySolution13629889133119574/templates/abab/flash0/DRV/bem2x1.m/bem2x1.m
----/mySolution13629889133119574/templates/abab/flash0/DRV/ap211.m/ap211.m
----/mySolution13629889133119574/templates/abab/flash0/DRV/ao20x.m/ao20x.m
----/mySolution13629889133119574/templates/abab/flash0/DRV/ao208.m/ao208.m
----/mySolution13629889133119574/templates/abab/flash0/DRV/aio288.m/aio288.m
----/mySolution13629889133119574/templates/abab/flash0/DRV/aic212.m/aic212.m
----/mySolution13629889133119574/templates/abab/flash0/DRV/ai20x.m/ai20x.m
----/mySolution13629889133119574/templates/abab/flash0/DRV/acr222.m/acr222.m
----/mySolution13629889133119574/templates/abab/flash0/CLASSES/ssl.jar/ssl.jar
----/mySolution13629889133119574/templates/abab/flash0/CLASSES/mjvis.jar/mjvis.jar
----/mySolution13629889133119574/templates/abab/flash0/CLASSES/mjsys.jar/mjsys.jar
----/mySolution13629889133119574/templates/abab/flash0/CLASSES/mjlogger.prp/mjlogger.prp
----/mySolution13629889133119574/templates/abab/flash0/CLASSES/SWT.jar/SWT.jar
----/mySolution13629889133119574/templates/abab/flash0/CLASSES/Piccolo.jar/Piccolo.jar
----/mySolution13629889133119574/templates/abab/flash0/CLASSES/M1rt.jar/M1rt.jar
----/mySolution13629889133119574/templates/abab/flash0/CLASSES/DRAW2D.jar/DRAW2D.jar
----/mySolution13629889133119574/templates/abab/.params/.params
----/mySolution13629889133119574/templates/a/.cancfg/.cancfg
----/mySolution13629889133119574/templates/BES212_N/mconfig.ini/mconfig.ini
----/mySolution13629889133119574/templates/BES212_N/bes2x2.m/bes2x2.m
----/mySolution13629889133119574/templates/BES212_N/.hwmodule/.hwmodule
----/mySolution13629889133119574/templates/4r/.pbus/.pbus
----/mySolution13629889133119574/templates/3/.sercos/.sercos
----/mySolution13629889133119574/templates/234/.pbusDev/.pbusDev
----/mySolution13629889133119574/templates/.templates/.templates
</system-out>
  </testcase>
  <testcase time="0.078" classname="at.bachmann.legacyimport.localdata.ConverterTest" name="testConvertCan"/>
  <testcase time="0.156" classname="at.bachmann.legacyimport.localdata.ConverterTest" name="testConvertPPC"/>
  <testcase time="0.047" classname="at.bachmann.legacyimport.localdata.ConverterTest" name="testGetFileName"/>
  <testcase time="2.044" classname="at.bachmann.legacyimport.localdata.ConverterTest" name="testConvertLocalData15">
    <failure message="Converted components: expected:&lt;149&gt; but was:&lt;133&gt;" type="junit.framework.AssertionFailedError">junit.framework.AssertionFailedError: Converted components: expected:&lt;149&gt; but was:&lt;133&gt;
	at junit.framework.Assert.fail(Assert.java:50)
	at junit.framework.Assert.failNotEquals(Assert.java:287)
	at junit.framework.Assert.assertEquals(Assert.java:67)
	at junit.framework.Assert.assertEquals(Assert.java:199)
	at at.bachmann.legacyimport.localdata.ConverterTest.convertAll(ConverterTest.java:137)
	at at.bachmann.legacyimport.localdata.ConverterTest.testConvertLocalData15(ConverterTest.java:113)
	at sun.reflect.NativeMethodAccessorImpl.invoke0(Native Method)
	at sun.reflect.NativeMethodAccessorImpl.invoke(Unknown Source)
	at sun.reflect.DelegatingMethodAccessorImpl.invoke(Unknown Source)
	at java.lang.reflect.Method.invoke(Unknown Source)
	at org.junit.runners.model.FrameworkMethod$1.runReflectiveCall(FrameworkMethod.java:45)
	at org.junit.internal.runners.model.ReflectiveCallable.run(ReflectiveCallable.java:15)
	at org.junit.runners.model.FrameworkMethod.invokeExplosively(FrameworkMethod.java:42)
	at org.junit.internal.runners.statements.InvokeMethod.evaluate(InvokeMethod.java:20)
	at org.junit.internal.runners.statements.RunBefores.evaluate(RunBefores.java:28)
	at org.junit.internal.runners.statements.RunAfters.evaluate(RunAfters.java:30)
	at org.junit.runners.ParentRunner.runLeaf(ParentRunner.java:263)
	at org.junit.runners.BlockJUnit4ClassRunner.runChild(BlockJUnit4ClassRunner.java:68)
	at at.bachmann.test.common.runner.AnnotatedBuildTypeRunner.runChild(AnnotatedBuildTypeRunner.java:30)
	at org.junit.runners.BlockJUnit4ClassRunner.runChild(BlockJUnit4ClassRunner.java:47)
	at org.junit.runners.ParentRunner$3.run(ParentRunner.java:231)
	at org.junit.runners.ParentRunner$1.schedule(ParentRunner.java:60)
	at org.junit.runners.ParentRunner.runChildren(ParentRunner.java:229)
	at org.junit.runners.ParentRunner.access$000(ParentRunner.java:50)
	at org.junit.runners.ParentRunner$2.evaluate(ParentRunner.java:222)
	at org.junit.runners.ParentRunner.run(ParentRunner.java:300)
	at org.apache.maven.surefire.junit4.JUnit4TestSet.execute(JUnit4TestSet.java:53)
	at org.apache.maven.surefire.junit4.JUnit4Provider.executeTestSet(JUnit4Provider.java:123)
	at org.apache.maven.surefire.junit4.JUnit4Provider.invoke(JUnit4Provider.java:104)
	at sun.reflect.NativeMethodAccessorImpl.invoke0(Native Method)
	at sun.reflect.NativeMethodAccessorImpl.invoke(Unknown Source)
	at sun.reflect.DelegatingMethodAccessorImpl.invoke(Unknown Source)
	at java.lang.reflect.Method.invoke(Unknown Source)
	at org.apache.maven.surefire.util.ReflectionUtils.invokeMethodWithArray(ReflectionUtils.java:164)
	at org.apache.maven.surefire.booter.ProviderFactory$ProviderProxy.invoke(ProviderFactory.java:110)
	at org.apache.maven.surefire.booter.SurefireStarter.invokeProvider(SurefireStarter.java:175)
	at org.apache.maven.surefire.booter.SurefireStarter.runSuitesInProcess(SurefireStarter.java:123)
	at org.eclipse.tycho.surefire.osgibooter.OsgiSurefireBooter.run(OsgiSurefireBooter.java:85)
	at org.eclipse.tycho.surefire.osgibooter.HeadlessTestApplication.run(HeadlessTestApplication.java:21)
	at sun.reflect.NativeMethodAccessorImpl.invoke0(Native Method)
	at sun.reflect.NativeMethodAccessorImpl.invoke(Unknown Source)
	at sun.reflect.DelegatingMethodAccessorImpl.invoke(Unknown Source)
	at java.lang.reflect.Method.invoke(Unknown Source)
	at org.eclipse.equinox.internal.app.EclipseAppContainer.callMethodWithException(EclipseAppContainer.java:587)
	at org.eclipse.equinox.internal.app.EclipseAppHandle.run(EclipseAppHandle.java:198)
	at org.eclipse.core.runtime.internal.adaptor.EclipseAppLauncher.runApplication(EclipseAppLauncher.java:110)
	at org.eclipse.core.runtime.internal.adaptor.EclipseAppLauncher.start(EclipseAppLauncher.java:79)
	at org.eclipse.core.runtime.adaptor.EclipseStarter.run(EclipseStarter.java:353)
	at org.eclipse.core.runtime.adaptor.EclipseStarter.run(EclipseStarter.java:180)
	at sun.reflect.NativeMethodAccessorImpl.invoke0(Native Method)
	at sun.reflect.NativeMethodAccessorImpl.invoke(Unknown Source)
	at sun.reflect.DelegatingMethodAccessorImpl.invoke(Unknown Source)
	at java.lang.reflect.Method.invoke(Unknown Source)
	at org.eclipse.equinox.launcher.Main.invokeFramework(Main.java:629)
	at org.eclipse.equinox.launcher.Main.basicRun(Main.java:584)
	at org.eclipse.equinox.launcher.Main.run(Main.java:1438)
	at org.eclipse.equinox.launcher.Main.main(Main.java:1414)
</failure>
    <system-out>&gt;&gt;&gt;&gt;&gt;&gt;&gt;&gt;&gt;&gt;&gt;&gt; Start Counting Files &lt;&lt;&lt;&lt;&lt;&lt;&lt;&lt;&lt;&lt;&lt;&lt;&lt;&lt;&lt;&lt;&lt;&lt;&lt;&lt;&lt;&lt;
----/mySolution13629889146689201/templates/data/ot1xx.m/ot1xx.m/ot1xx.m
----/mySolution13629889146689201/templates/data/ot1xx.m/mconfig.ini/mconfig.ini
----/mySolution13629889146689201/templates/data/ot1xx.m/.service/.service
----/mySolution13629889146689201/templates/data/data/data/comtst/mconfig.ini/mconfig.ini
----/mySolution13629889146689201/templates/data/data/data/comtst/comtst.m/comtst.m
----/mySolution13629889146689201/templates/data/data/data/comtst/.swmodule/.swmodule
----/mySolution13629889146689201/templates/data/data/OffKonf/cfc0/mconfig.ini/mconfig.ini
----/mySolution13629889146689201/templates/data/data/OffKonf/cfc0/SYS/msys.o/msys.o
----/mySolution13629889146689201/templates/data/data/OffKonf/cfc0/SYS/mjvm.o/mjvm.o
----/mySolution13629889146689201/templates/data/data/OffKonf/cfc0/SYS/artisrv.o/artisrv.o
----/mySolution13629889146689201/templates/data/data/OffKonf/cfc0/SYS/MxCCore.all/MxCCore.all
----/mySolution13629889146689201/templates/data/data/OffKonf/cfc0/SYS/MxCCore/MxCCore
----/mySolution13629889146689201/templates/data/data/OffKonf/cfc0/DRV/ttl264.m/ttl264.m
----/mySolution13629889146689201/templates/data/data/OffKonf/cfc0/DRV/ti214.m/ti214.m
----/mySolution13629889146689201/templates/data/data/OffKonf/cfc0/DRV/sem201.m/sem201.m
----/mySolution13629889146689201/templates/data/data/OffKonf/cfc0/DRV/safety.m/safety.m
----/mySolution13629889146689201/templates/data/data/OffKonf/cfc0/DRV/rs204.m/rs204.m
----/mySolution13629889146689201/templates/data/data/OffKonf/cfc0/DRV/pwm202.m/pwm202.m
----/mySolution13629889146689201/templates/data/data/OffKonf/cfc0/DRV/ptai216.m/ptai216.m
----/mySolution13629889146689201/templates/data/data/OffKonf/cfc0/DRV/pn23.m/pn23.m
----/mySolution13629889146689201/templates/data/data/OffKonf/cfc0/DRV/pn201.m/pn201.m
----/mySolution13629889146689201/templates/data/data/OffKonf/cfc0/DRV/pcfs212.m/pcfs212.m
----/mySolution13629889146689201/templates/data/data/OffKonf/cfc0/DRV/mx200c.m/mx200c.m
----/mySolution13629889146689201/templates/data/data/OffKonf/cfc0/DRV/mbm201.m/mbm201.m
----/mySolution13629889146689201/templates/data/data/OffKonf/cfc0/DRV/isi2xx.m/isi2xx.m
----/mySolution13629889146689201/templates/data/data/OffKonf/cfc0/DRV/iop201.m/iop201.m
----/mySolution13629889146689201/templates/data/data/OffKonf/cfc0/DRV/fs21x.m/fs21x.m
----/mySolution13629889146689201/templates/data/data/OffKonf/cfc0/DRV/fm21x.m/fm21x.m
----/mySolution13629889146689201/templates/data/data/OffKonf/cfc0/DRV/em203.m/em203.m
----/mySolution13629889146689201/templates/data/data/OffKonf/cfc0/DRV/ecat201.m/ecat201.m
----/mySolution13629889146689201/templates/data/data/OffKonf/cfc0/DRV/dpm200.m/dpm200.m
----/mySolution13629889146689201/templates/data/data/OffKonf/cfc0/DRV/dor2xx.m/dor2xx.m
----/mySolution13629889146689201/templates/data/data/OffKonf/cfc0/DRV/do232.m/do232.m
----/mySolution13629889146689201/templates/data/data/OffKonf/cfc0/DRV/do216.m/do216.m
----/mySolution13629889146689201/templates/data/data/OffKonf/cfc0/DRV/dnm201.m/dnm201.m
----/mySolution13629889146689201/templates/data/data/OffKonf/cfc0/DRV/dmw200.m/dmw200.m
----/mySolution13629889146689201/templates/data/data/OffKonf/cfc0/DRV/dms202.m/dms202.m
----/mySolution13629889146689201/templates/data/data/OffKonf/cfc0/DRV/dio2xx.m/dio2xx.m
----/mySolution13629889146689201/templates/data/data/OffKonf/cfc0/DRV/di232.m/di232.m
----/mySolution13629889146689201/templates/data/data/OffKonf/cfc0/DRV/di216.m/di216.m
----/mySolution13629889146689201/templates/data/data/OffKonf/cfc0/DRV/di212.m/di212.m
----/mySolution13629889146689201/templates/data/data/OffKonf/cfc0/DRV/ct200c.m/ct200c.m
----/mySolution13629889146689201/templates/data/data/OffKonf/cfc0/DRV/cnt204.m/cnt204.m
----/mySolution13629889146689201/templates/data/data/OffKonf/cfc0/DRV/cm202.m/cm202.m
----/mySolution13629889146689201/templates/data/data/OffKonf/cfc0/DRV/can_mio.m/can_mio.m
----/mySolution13629889146689201/templates/data/data/OffKonf/cfc0/DRV/bes2x2.m/bes2x2.m
----/mySolution13629889146689201/templates/data/data/OffKonf/cfc0/DRV/bem2x1.m/bem2x1.m
----/mySolution13629889146689201/templates/data/data/OffKonf/cfc0/DRV/ao20x.m/ao20x.m
----/mySolution13629889146689201/templates/data/data/OffKonf/cfc0/DRV/ao208.m/ao208.m
----/mySolution13629889146689201/templates/data/data/OffKonf/cfc0/DRV/aio288.m/aio288.m
----/mySolution13629889146689201/templates/data/data/OffKonf/cfc0/DRV/aic212.m/aic212.m
----/mySolution13629889146689201/templates/data/data/OffKonf/cfc0/DRV/ai20x.m/ai20x.m
----/mySolution13629889146689201/templates/data/data/OffKonf/cfc0/DRV/acr222.m/acr222.m
----/mySolution13629889146689201/templates/data/data/OffKonf/cfc0/CLASSES/ssl.jar/ssl.jar
----/mySolution13629889146689201/templates/data/data/OffKonf/cfc0/CLASSES/mjvis.jar/mjvis.jar
----/mySolution13629889146689201/templates/data/data/OffKonf/cfc0/CLASSES/mjsys.jar/mjsys.jar
----/mySolution13629889146689201/templates/data/data/OffKonf/cfc0/CLASSES/mjlogger.prp/mjlogger.prp
----/mySolution13629889146689201/templates/data/data/OffKonf/cfc0/CLASSES/SWT.jar/SWT.jar
----/mySolution13629889146689201/templates/data/data/OffKonf/cfc0/CLASSES/Piccolo.jar/Piccolo.jar
----/mySolution13629889146689201/templates/data/data/OffKonf/cfc0/CLASSES/M1rt.jar/M1rt.jar
----/mySolution13629889146689201/templates/data/data/OffKonf/cfc0/CLASSES/DRAW2D.jar/DRAW2D.jar
----/mySolution13629889146689201/templates/data/data/OffKonf/.params/.params
----/mySolution13629889146689201/templates/data/comtst/mconfig.ini/mconfig.ini
----/mySolution13629889146689201/templates/data/comtst/comtst.m/comtst.m
----/mySolution13629889146689201/templates/data/comtst/.swmodule/.swmodule
----/mySolution13629889146689201/templates/data/Sercos/.sercos/.sercos
----/mySolution13629889146689201/templates/data/SLC284/safety.m/safety.m
----/mySolution13629889146689201/templates/data/SLC284/mconfig.ini/mconfig.ini
----/mySolution13629889146689201/templates/data/SLC284/.hwmodule/.hwmodule
----/mySolution13629889146689201/templates/data/ProfinetIRT/.pnet/.pnet
----/mySolution13629889146689201/templates/data/ProfinetDevice/.pnetDev/.pnetDev
----/mySolution13629889146689201/templates/data/Profinet/.pnet/.pnet
----/mySolution13629889146689201/templates/data/ProfibusDevice/.pbusDev/.pbusDev
----/mySolution13629889146689201/templates/data/Profibus/.pbus/.pbus
----/mySolution13629889146689201/templates/data/Ethercat/.ethercat/.ethercat
----/mySolution13629889146689201/templates/data/CAN/.cancfg/.cancfg
----/mySolution13629889146689201/templates/OffKonf/cfc0/mconfig.ini/mconfig.ini
----/mySolution13629889146689201/templates/OffKonf/cfc0/SYS/msys.o/msys.o
----/mySolution13629889146689201/templates/OffKonf/cfc0/SYS/mjvm.o/mjvm.o
----/mySolution13629889146689201/templates/OffKonf/cfc0/SYS/artisrv.o/artisrv.o
----/mySolution13629889146689201/templates/OffKonf/cfc0/SYS/MxCCore.all/MxCCore.all
----/mySolution13629889146689201/templates/OffKonf/cfc0/SYS/MxCCore/MxCCore
----/mySolution13629889146689201/templates/OffKonf/cfc0/DRV/ttl264.m/ttl264.m
----/mySolution13629889146689201/templates/OffKonf/cfc0/DRV/ti214.m/ti214.m
----/mySolution13629889146689201/templates/OffKonf/cfc0/DRV/sem201.m/sem201.m
----/mySolution13629889146689201/templates/OffKonf/cfc0/DRV/safety.m/safety.m
----/mySolution13629889146689201/templates/OffKonf/cfc0/DRV/rs204.m/rs204.m
----/mySolution13629889146689201/templates/OffKonf/cfc0/DRV/pwm202.m/pwm202.m
----/mySolution13629889146689201/templates/OffKonf/cfc0/DRV/ptai216.m/ptai216.m
----/mySolution13629889146689201/templates/OffKonf/cfc0/DRV/pn23.m/pn23.m
----/mySolution13629889146689201/templates/OffKonf/cfc0/DRV/pn201.m/pn201.m
----/mySolution13629889146689201/templates/OffKonf/cfc0/DRV/pcfs212.m/pcfs212.m
----/mySolution13629889146689201/templates/OffKonf/cfc0/DRV/mx200c.m/mx200c.m
----/mySolution13629889146689201/templates/OffKonf/cfc0/DRV/mbm201.m/mbm201.m
----/mySolution13629889146689201/templates/OffKonf/cfc0/DRV/isi2xx.m/isi2xx.m
----/mySolution13629889146689201/templates/OffKonf/cfc0/DRV/iop201.m/iop201.m
----/mySolution13629889146689201/templates/OffKonf/cfc0/DRV/fs21x.m/fs21x.m
----/mySolution13629889146689201/templates/OffKonf/cfc0/DRV/fm21x.m/fm21x.m
----/mySolution13629889146689201/templates/OffKonf/cfc0/DRV/em203.m/em203.m
----/mySolution13629889146689201/templates/OffKonf/cfc0/DRV/ecat201.m/ecat201.m
----/mySolution13629889146689201/templates/OffKonf/cfc0/DRV/dpm200.m/dpm200.m
----/mySolution13629889146689201/templates/OffKonf/cfc0/DRV/dor2xx.m/dor2xx.m
----/mySolution13629889146689201/templates/OffKonf/cfc0/DRV/do232.m/do232.m
----/mySolution13629889146689201/templates/OffKonf/cfc0/DRV/do216.m/do216.m
----/mySolution13629889146689201/templates/OffKonf/cfc0/DRV/dnm201.m/dnm201.m
----/mySolution13629889146689201/templates/OffKonf/cfc0/DRV/dmw200.m/dmw200.m
----/mySolution13629889146689201/templates/OffKonf/cfc0/DRV/dms202.m/dms202.m
----/mySolution13629889146689201/templates/OffKonf/cfc0/DRV/dio2xx.m/dio2xx.m
----/mySolution13629889146689201/templates/OffKonf/cfc0/DRV/di232.m/di232.m
----/mySolution13629889146689201/templates/OffKonf/cfc0/DRV/di216.m/di216.m
----/mySolution13629889146689201/templates/OffKonf/cfc0/DRV/di212.m/di212.m
----/mySolution13629889146689201/templates/OffKonf/cfc0/DRV/ct200c.m/ct200c.m
----/mySolution13629889146689201/templates/OffKonf/cfc0/DRV/cnt204.m/cnt204.m
----/mySolution13629889146689201/templates/OffKonf/cfc0/DRV/cm202.m/cm202.m
----/mySolution13629889146689201/templates/OffKonf/cfc0/DRV/can_mio.m/can_mio.m
----/mySolution13629889146689201/templates/OffKonf/cfc0/DRV/bes2x2.m/bes2x2.m
----/mySolution13629889146689201/templates/OffKonf/cfc0/DRV/bem2x1.m/bem2x1.m
----/mySolution13629889146689201/templates/OffKonf/cfc0/DRV/ao20x.m/ao20x.m
----/mySolution13629889146689201/templates/OffKonf/cfc0/DRV/ao208.m/ao208.m
----/mySolution13629889146689201/templates/OffKonf/cfc0/DRV/aio288.m/aio288.m
----/mySolution13629889146689201/templates/OffKonf/cfc0/DRV/aic212.m/aic212.m
----/mySolution13629889146689201/templates/OffKonf/cfc0/DRV/ai20x.m/ai20x.m
----/mySolution13629889146689201/templates/OffKonf/cfc0/DRV/acr222.m/acr222.m
----/mySolution13629889146689201/templates/OffKonf/cfc0/CLASSES/ssl.jar/ssl.jar
----/mySolution13629889146689201/templates/OffKonf/cfc0/CLASSES/mjvis.jar/mjvis.jar
----/mySolution13629889146689201/templates/OffKonf/cfc0/CLASSES/mjsys.jar/mjsys.jar
----/mySolution13629889146689201/templates/OffKonf/cfc0/CLASSES/mjlogger.prp/mjlogger.prp
----/mySolution13629889146689201/templates/OffKonf/cfc0/CLASSES/SWT.jar/SWT.jar
----/mySolution13629889146689201/templates/OffKonf/cfc0/CLASSES/Piccolo.jar/Piccolo.jar
----/mySolution13629889146689201/templates/OffKonf/cfc0/CLASSES/M1rt.jar/M1rt.jar
----/mySolution13629889146689201/templates/OffKonf/cfc0/CLASSES/DRAW2D.jar/DRAW2D.jar
----/mySolution13629889146689201/templates/OffKonf/.params/.params
----/mySolution13629889146689201/templates/.templates/.templates
</system-out>
  </testcase>
</testsuite>